2021-03-13 11:41:18.651  INFO 5648 --- [restartedMain] c.c.s.SalesProcessingServiceApplication  : Starting SalesProcessingServiceApplication using Java 15.0.1 on Dell with PID 5648 (C:\Users\Harsha\Documents\caseStudy\salesProcessing-service\target\classes started by Harsha in C:\Users\Harsha\Documents\caseStudy\salesProcessing-service)
2021-03-13 11:41:18.672  INFO 5648 --- [restartedMain] c.c.s.SalesProcessingServiceApplication  : No active profile set, falling back to default profiles: default
2021-03-13 11:41:18.916  INFO 5648 --- [restartedMain] .e.DevToolsPropertyDefaultsPostProcessor : Devtools property defaults active! Set 'spring.devtools.add-properties' to 'false' to disable
2021-03-13 11:41:18.918  INFO 5648 --- [restartedMain] .e.DevToolsPropertyDefaultsPostProcessor : For additional web related logging consider setting the 'logging.level.web' property to 'DEBUG'
2021-03-13 11:41:21.144  INFO 5648 --- [restartedMain] .s.d.r.c.RepositoryConfigurationDelegate : Bootstrapping Spring Data JPA repositories in DEFAULT mode.
2021-03-13 11:41:21.236  INFO 5648 --- [restartedMain] .s.d.r.c.RepositoryConfigurationDelegate : Finished Spring Data repository scanning in 80 ms. Found 1 JPA repository interfaces.
2021-03-13 11:41:21.959  INFO 5648 --- [restartedMain] o.s.b.w.embedded.tomcat.TomcatWebServer  : Tomcat initialized with port(s): 8081 (http)
2021-03-13 11:41:21.970  INFO 5648 --- [restartedMain] o.apache.catalina.core.StandardService   : Starting service [Tomcat]
2021-03-13 11:41:21.971  INFO 5648 --- [restartedMain] org.apache.catalina.core.StandardEngine  : Starting Servlet engine: [Apache Tomcat/9.0.43]
2021-03-13 11:41:22.267  INFO 5648 --- [restartedMain] org.apache.jasper.servlet.TldScanner     : At least one JAR was scanned for TLDs yet contained no TLDs. Enable debug logging for this logger for a complete list of JARs that were scanned but no TLDs were found in them. Skipping unneeded JARs during scanning can improve startup time and JSP compilation time.
2021-03-13 11:41:22.278  INFO 5648 --- [restartedMain] o.a.c.c.C.[Tomcat].[localhost].[/]       : Initializing Spring embedded WebApplicationContext
2021-03-13 11:41:22.278  INFO 5648 --- [restartedMain] w.s.c.ServletWebServerApplicationContext : Root WebApplicationContext: initialization completed in 3357 ms
2021-03-13 11:41:22.330  INFO 5648 --- [restartedMain] com.zaxxer.hikari.HikariDataSource       : HikariPool-1 - Starting...
2021-03-13 11:41:22.585  INFO 5648 --- [restartedMain] com.zaxxer.hikari.HikariDataSource       : HikariPool-1 - Start completed.
2021-03-13 11:41:22.600  INFO 5648 --- [restartedMain] o.s.b.a.h2.H2ConsoleAutoConfiguration    : H2 console available at '/h2-console'. Database available at 'jdbc:h2:mem:testdb'
2021-03-13 11:41:22.776  INFO 5648 --- [restartedMain] o.hibernate.jpa.internal.util.LogHelper  : HHH000204: Processing PersistenceUnitInfo [name: default]
2021-03-13 11:41:22.840  INFO 5648 --- [restartedMain] org.hibernate.Version                    : HHH000412: Hibernate ORM core version 5.4.28.Final
2021-03-13 11:41:23.044  INFO 5648 --- [restartedMain] o.hibernate.annotations.common.Version   : HCANN000001: Hibernate Commons Annotations {5.1.2.Final}
2021-03-13 11:41:23.246  INFO 5648 --- [restartedMain] org.hibernate.dialect.Dialect            : HHH000400: Using dialect: org.hibernate.dialect.H2Dialect
2021-03-13 11:41:24.167  INFO 5648 --- [restartedMain] o.h.e.t.j.p.i.JtaPlatformInitiator       : HHH000490: Using JtaPlatform implementation: [org.hibernate.engine.transaction.jta.platform.internal.NoJtaPlatform]
2021-03-13 11:41:24.178  INFO 5648 --- [restartedMain] j.LocalContainerEntityManagerFactoryBean : Initialized JPA EntityManagerFactory for persistence unit 'default'
2021-03-13 11:41:24.221  INFO 5648 --- [restartedMain] o.s.b.d.a.OptionalLiveReloadServer       : LiveReload server is running on port 35729
2021-03-13 11:41:24.906  WARN 5648 --- [restartedMain] JpaBaseConfiguration$JpaWebConfiguration : spring.jpa.open-in-view is enabled by default. Therefore, database queries may be performed during view rendering. Explicitly configure spring.jpa.open-in-view to disable this warning
2021-03-13 11:41:25.101  INFO 5648 --- [restartedMain] pertySourcedRequestMappingHandlerMapping : Mapped URL path [/v2/api-docs] onto method [springfox.documentation.swagger2.web.Swagger2Controller#getDocumentation(String, HttpServletRequest)]
2021-03-13 11:41:25.237  INFO 5648 --- [restartedMain] o.s.s.concurrent.ThreadPoolTaskExecutor  : Initializing ExecutorService 'applicationTaskExecutor'
2021-03-13 11:41:25.518  INFO 5648 --- [restartedMain] o.s.b.w.embedded.tomcat.TomcatWebServer  : Tomcat started on port(s): 8081 (http) with context path ''
2021-03-13 11:41:25.519  INFO 5648 --- [restartedMain] d.s.w.p.DocumentationPluginsBootstrapper : Context refreshed
2021-03-13 11:41:25.555  INFO 5648 --- [restartedMain] d.s.w.p.DocumentationPluginsBootstrapper : Found 1 custom documentation plugin(s)
2021-03-13 11:41:25.591  INFO 5648 --- [restartedMain] s.d.s.w.s.ApiListingReferenceScanner     : Scanning for api listing references
2021-03-13 11:41:25.704  WARN 5648 --- [restartedMain] s.d.s.w.r.p.ParameterDataTypeReader      : Trying to infer dataType org.springframework.ui.ModelMap
2021-03-13 11:41:25.737  WARN 5648 --- [restartedMain] s.d.s.w.r.p.ParameterDataTypeReader      : Trying to infer dataType org.springframework.ui.ModelMap
2021-03-13 11:41:25.743  WARN 5648 --- [restartedMain] s.d.s.w.r.p.ParameterDataTypeReader      : Trying to infer dataType org.springframework.ui.ModelMap
2021-03-13 11:41:25.748  WARN 5648 --- [restartedMain] s.d.s.w.r.p.ParameterDataTypeReader      : Trying to infer dataType org.springframework.ui.ModelMap
2021-03-13 11:41:25.866  INFO 5648 --- [restartedMain] c.c.s.SalesProcessingServiceApplication  : Started SalesProcessingServiceApplication in 7.851 seconds (JVM running for 9.131)
2021-03-13 11:41:49.362  INFO 5648 --- [http-nio-8081-exec-2] o.a.c.c.C.[Tomcat].[localhost].[/]       : Initializing Spring DispatcherServlet 'dispatcherServlet'
2021-03-13 11:41:49.363  INFO 5648 --- [http-nio-8081-exec-2] o.s.web.servlet.DispatcherServlet        : Initializing Servlet 'dispatcherServlet'
2021-03-13 11:41:49.366  INFO 5648 --- [http-nio-8081-exec-2] o.s.web.servlet.DispatcherServlet        : Completed initialization in 3 ms
2021-03-13 11:41:49.401  INFO 5648 --- [http-nio-8081-exec-2] c.c.s.C.SalesProcessingController        : INSIDE showWelcomePage method of SalesProcessingController
2021-03-13 11:41:49.402  INFO 5648 --- [http-nio-8081-exec-2] c.c.s.C.SalesProcessingController        : ENDING showWelcomePage method of SalesProcessingController
2021-03-13 11:41:53.483  INFO 5648 --- [http-nio-8081-exec-3] c.c.s.C.SalesProcessingController        : INSIDE showSaveQuotePage method of SalesProcessingController
2021-03-13 11:41:53.484  INFO 5648 --- [http-nio-8081-exec-3] c.c.s.C.SalesProcessingController        : ENDING showSaveQuotePage method of SalesProcessingController
2021-03-13 11:41:56.229  INFO 5648 --- [http-nio-8081-exec-1] c.c.s.C.SalesProcessingController        : INSIDE showWelcomePage method of SalesProcessingController
2021-03-13 11:41:56.230  INFO 5648 --- [http-nio-8081-exec-1] c.c.s.C.SalesProcessingController        : ENDING showWelcomePage method of SalesProcessingController
2021-03-13 11:41:57.601  INFO 5648 --- [http-nio-8081-exec-4] c.c.s.C.SalesProcessingController        : INSIDE showGetQuotesPage method of SalesProcessingController
2021-03-13 11:41:57.602  INFO 5648 --- [http-nio-8081-exec-4] c.c.s.C.SalesProcessingController        : ENDING showGetQuotesPage method of SalesProcessingController
2021-03-13 11:41:59.752  INFO 5648 --- [http-nio-8081-exec-5] c.c.s.C.SalesProcessingController        : INSIDE showWelcomePage method of SalesProcessingController
2021-03-13 11:41:59.753  INFO 5648 --- [http-nio-8081-exec-5] c.c.s.C.SalesProcessingController        : ENDING showWelcomePage method of SalesProcessingController
2021-03-13 11:42:00.771  INFO 5648 --- [http-nio-8081-exec-6] c.c.s.C.SalesProcessingController        : INSIDE showGetQuoteByIdPage method of SalesProcessingController
2021-03-13 11:42:00.771  INFO 5648 --- [http-nio-8081-exec-6] c.c.s.C.SalesProcessingController        : ENDING showGetQuoteByIdPage method of SalesProcessingController
2021-03-13 11:42:02.211  INFO 5648 --- [http-nio-8081-exec-7] c.c.s.C.SalesProcessingController        : INSIDE showWelcomePage method of SalesProcessingController
2021-03-13 11:42:02.212  INFO 5648 --- [http-nio-8081-exec-7] c.c.s.C.SalesProcessingController        : ENDING showWelcomePage method of SalesProcessingController
2021-03-13 11:46:52.894  INFO 5648 --- [http-nio-8081-exec-10] c.c.s.C.SalesProcessingController        : INSIDE showWelcomePage method of SalesProcessingController
2021-03-13 11:46:52.894  INFO 5648 --- [http-nio-8081-exec-10] c.c.s.C.SalesProcessingController        : ENDING showWelcomePage method of SalesProcessingController
2021-03-13 11:47:00.636  INFO 5648 --- [http-nio-8081-exec-2] c.c.s.C.SalesProcessingController        : INSIDE showSaveQuotePage method of SalesProcessingController
2021-03-13 11:47:00.636  INFO 5648 --- [http-nio-8081-exec-2] c.c.s.C.SalesProcessingController        : ENDING showSaveQuotePage method of SalesProcessingController
2021-03-13 11:47:55.959  INFO 5648 --- [http-nio-8081-exec-4] c.c.s.C.SalesProcessingController        : INSIDE showSaveQuotePage method of SalesProcessingController
2021-03-13 11:47:55.960  INFO 5648 --- [http-nio-8081-exec-4] c.c.s.C.SalesProcessingController        : ENDING showSaveQuotePage method of SalesProcessingController
2021-03-13 11:47:56.049  INFO 5648 --- [http-nio-8081-exec-1] c.c.s.C.SalesProcessingRestController    : Inside saveQuotation method of SalesProcessingRestController
2021-03-13 11:47:56.050  INFO 5648 --- [http-nio-8081-exec-1] c.c.s.S.SalesProcessingServiceImpl       : Inside saveQuotation method of SalesProcessingServiceImpl
2021-03-13 11:48:05.419  INFO 5648 --- [http-nio-8081-exec-5] c.c.s.C.SalesProcessingController        : INSIDE showWelcomePage method of SalesProcessingController
2021-03-13 11:48:05.420  INFO 5648 --- [http-nio-8081-exec-5] c.c.s.C.SalesProcessingController        : ENDING showWelcomePage method of SalesProcessingController
2021-03-13 11:48:09.180  INFO 5648 --- [http-nio-8081-exec-6] c.c.s.C.SalesProcessingController        : INSIDE showGetQuotesPage method of SalesProcessingController
2021-03-13 11:48:09.182  INFO 5648 --- [http-nio-8081-exec-6] c.c.s.C.SalesProcessingController        : ENDING showGetQuotesPage method of SalesProcessingController
2021-03-13 11:48:10.919  INFO 5648 --- [http-nio-8081-exec-7] c.c.s.C.SalesProcessingRestController    : Inside getAllQuotation method of SalesProcessingRestController
2021-03-13 11:48:10.919  INFO 5648 --- [http-nio-8081-exec-7] c.c.s.S.SalesProcessingServiceImpl       : Inside getAllQuotation method of SalesProcessingServiceImpl
2021-03-13 11:48:13.634  INFO 5648 --- [http-nio-8081-exec-9] c.c.s.C.SalesProcessingController        : INSIDE showWelcomePage method of SalesProcessingController
2021-03-13 11:48:13.635  INFO 5648 --- [http-nio-8081-exec-9] c.c.s.C.SalesProcessingController        : ENDING showWelcomePage method of SalesProcessingController
2021-03-13 11:49:26.819  INFO 5648 --- [http-nio-8081-exec-2] c.c.s.C.SalesProcessingController        : INSIDE showWelcomePage method of SalesProcessingController
2021-03-13 11:49:26.820  INFO 5648 --- [http-nio-8081-exec-2] c.c.s.C.SalesProcessingController        : ENDING showWelcomePage method of SalesProcessingController
2021-03-13 11:49:28.674  INFO 5648 --- [http-nio-8081-exec-3] c.c.s.C.SalesProcessingController        : INSIDE showSaveQuotePage method of SalesProcessingController
2021-03-13 11:49:28.675  INFO 5648 --- [http-nio-8081-exec-3] c.c.s.C.SalesProcessingController        : ENDING showSaveQuotePage method of SalesProcessingController
2021-03-13 11:50:06.202  INFO 5648 --- [http-nio-8081-exec-4] c.c.s.C.SalesProcessingController        : INSIDE showSaveQuotePage method of SalesProcessingController
2021-03-13 11:50:06.202  INFO 5648 --- [http-nio-8081-exec-4] c.c.s.C.SalesProcessingController        : ENDING showSaveQuotePage method of SalesProcessingController
2021-03-13 11:50:22.573  INFO 5648 --- [http-nio-8081-exec-1] c.c.s.C.SalesProcessingController        : INSIDE showSaveQuotePage method of SalesProcessingController
2021-03-13 11:50:22.574  INFO 5648 --- [http-nio-8081-exec-1] c.c.s.C.SalesProcessingController        : ENDING showSaveQuotePage method of SalesProcessingController
2021-03-13 11:51:30.270  INFO 5648 --- [http-nio-8081-exec-7] c.c.s.C.SalesProcessingController        : INSIDE showSaveQuotePage method of SalesProcessingController
2021-03-13 11:51:30.271  INFO 5648 --- [http-nio-8081-exec-7] c.c.s.C.SalesProcessingController        : ENDING showSaveQuotePage method of SalesProcessingController
2021-03-13 11:51:35.808  INFO 5648 --- [http-nio-8081-exec-9] c.c.s.C.SalesProcessingController        : INSIDE showWelcomePage method of SalesProcessingController
2021-03-13 11:51:35.808  INFO 5648 --- [http-nio-8081-exec-9] c.c.s.C.SalesProcessingController        : ENDING showWelcomePage method of SalesProcessingController
2021-03-13 11:51:37.970  INFO 5648 --- [http-nio-8081-exec-8] c.c.s.C.SalesProcessingController        : INSIDE showSaveQuotePage method of SalesProcessingController
2021-03-13 11:51:37.971  INFO 5648 --- [http-nio-8081-exec-8] c.c.s.C.SalesProcessingController        : ENDING showSaveQuotePage method of SalesProcessingController
2021-03-13 11:52:21.475  INFO 5648 --- [http-nio-8081-exec-10] c.c.s.C.SalesProcessingController        : INSIDE showSaveQuotePage method of SalesProcessingController
2021-03-13 11:52:21.476  INFO 5648 --- [http-nio-8081-exec-10] c.c.s.C.SalesProcessingController        : ENDING showSaveQuotePage method of SalesProcessingController
2021-03-13 11:52:26.191  INFO 5648 --- [http-nio-8081-exec-2] c.c.s.C.SalesProcessingController        : INSIDE showWelcomePage method of SalesProcessingController
2021-03-13 11:52:26.192  INFO 5648 --- [http-nio-8081-exec-2] c.c.s.C.SalesProcessingController        : ENDING showWelcomePage method of SalesProcessingController
2021-03-13 11:52:27.862  INFO 5648 --- [http-nio-8081-exec-3] c.c.s.C.SalesProcessingController        : INSIDE showSaveQuotePage method of SalesProcessingController
2021-03-13 11:52:27.862  INFO 5648 --- [http-nio-8081-exec-3] c.c.s.C.SalesProcessingController        : ENDING showSaveQuotePage method of SalesProcessingController
2021-03-13 11:52:30.188  INFO 5648 --- [http-nio-8081-exec-4] c.c.s.C.SalesProcessingController        : INSIDE showWelcomePage method of SalesProcessingController
2021-03-13 11:52:30.189  INFO 5648 --- [http-nio-8081-exec-4] c.c.s.C.SalesProcessingController        : ENDING showWelcomePage method of SalesProcessingController
2021-03-13 11:52:31.408  INFO 5648 --- [http-nio-8081-exec-5] c.c.s.C.SalesProcessingController        : INSIDE showGetQuotesPage method of SalesProcessingController
2021-03-13 11:52:31.409  INFO 5648 --- [http-nio-8081-exec-5] c.c.s.C.SalesProcessingController        : ENDING showGetQuotesPage method of SalesProcessingController
2021-03-13 11:52:32.877  INFO 5648 --- [http-nio-8081-exec-6] c.c.s.C.SalesProcessingController        : INSIDE showWelcomePage method of SalesProcessingController
2021-03-13 11:52:32.878  INFO 5648 --- [http-nio-8081-exec-6] c.c.s.C.SalesProcessingController        : ENDING showWelcomePage method of SalesProcessingController
2021-03-13 11:56:39.386  INFO 5648 --- [http-nio-8081-exec-8] c.c.s.C.SalesProcessingController        : INSIDE showWelcomePage method of SalesProcessingController
2021-03-13 11:56:39.387  INFO 5648 --- [http-nio-8081-exec-8] c.c.s.C.SalesProcessingController        : ENDING showWelcomePage method of SalesProcessingController
2021-03-13 11:56:41.065  INFO 5648 --- [http-nio-8081-exec-10] c.c.s.C.SalesProcessingController        : INSIDE showGetQuotesPage method of SalesProcessingController
2021-03-13 11:56:41.066  INFO 5648 --- [http-nio-8081-exec-10] c.c.s.C.SalesProcessingController        : ENDING showGetQuotesPage method of SalesProcessingController
2021-03-13 11:56:44.574  INFO 5648 --- [http-nio-8081-exec-2] c.c.s.C.SalesProcessingController        : INSIDE showWelcomePage method of SalesProcessingController
2021-03-13 11:56:44.575  INFO 5648 --- [http-nio-8081-exec-2] c.c.s.C.SalesProcessingController        : ENDING showWelcomePage method of SalesProcessingController
2021-03-13 11:56:46.940  INFO 5648 --- [http-nio-8081-exec-3] c.c.s.C.SalesProcessingController        : INSIDE showGetQuotesPage method of SalesProcessingController
2021-03-13 11:56:46.940  INFO 5648 --- [http-nio-8081-exec-3] c.c.s.C.SalesProcessingController        : ENDING showGetQuotesPage method of SalesProcessingController
2021-03-13 11:56:48.910  INFO 5648 --- [http-nio-8081-exec-4] c.c.s.C.SalesProcessingRestController    : Inside getAllQuotation method of SalesProcessingRestController
2021-03-13 11:56:48.911  INFO 5648 --- [http-nio-8081-exec-4] c.c.s.S.SalesProcessingServiceImpl       : Inside getAllQuotation method of SalesProcessingServiceImpl
2021-03-13 11:56:57.275  INFO 5648 --- [http-nio-8081-exec-1] c.c.s.C.SalesProcessingController        : INSIDE showWelcomePage method of SalesProcessingController
2021-03-13 11:56:57.278  INFO 5648 --- [http-nio-8081-exec-1] c.c.s.C.SalesProcessingController        : ENDING showWelcomePage method of SalesProcessingController
2021-03-13 11:57:42.148  INFO 5648 --- [http-nio-8081-exec-6] c.c.s.C.SalesProcessingController        : INSIDE showWelcomePage method of SalesProcessingController
2021-03-13 11:57:42.149  INFO 5648 --- [http-nio-8081-exec-6] c.c.s.C.SalesProcessingController        : ENDING showWelcomePage method of SalesProcessingController
2021-03-13 11:57:43.118  INFO 5648 --- [http-nio-8081-exec-7] c.c.s.C.SalesProcessingController        : INSIDE showGetQuotesPage method of SalesProcessingController
2021-03-13 11:57:43.118  INFO 5648 --- [http-nio-8081-exec-7] c.c.s.C.SalesProcessingController        : ENDING showGetQuotesPage method of SalesProcessingController
2021-03-13 11:57:49.278  INFO 5648 --- [http-nio-8081-exec-9] c.c.s.C.SalesProcessingController        : INSIDE showWelcomePage method of SalesProcessingController
2021-03-13 11:57:49.280  INFO 5648 --- [http-nio-8081-exec-9] c.c.s.C.SalesProcessingController        : ENDING showWelcomePage method of SalesProcessingController
2021-03-13 11:57:51.375  INFO 5648 --- [http-nio-8081-exec-8] c.c.s.C.SalesProcessingController        : INSIDE showGetQuotesPage method of SalesProcessingController
2021-03-13 11:57:51.375  INFO 5648 --- [http-nio-8081-exec-8] c.c.s.C.SalesProcessingController        : ENDING showGetQuotesPage method of SalesProcessingController
2021-03-13 11:57:52.233  INFO 5648 --- [http-nio-8081-exec-10] c.c.s.C.SalesProcessingRestController    : Inside getAllQuotation method of SalesProcessingRestController
2021-03-13 11:57:52.234  INFO 5648 --- [http-nio-8081-exec-10] c.c.s.S.SalesProcessingServiceImpl       : Inside getAllQuotation method of SalesProcessingServiceImpl
2021-03-13 11:57:57.922  INFO 5648 --- [http-nio-8081-exec-2] c.c.s.C.SalesProcessingController        : INSIDE showWelcomePage method of SalesProcessingController
2021-03-13 11:57:57.923  INFO 5648 --- [http-nio-8081-exec-2] c.c.s.C.SalesProcessingController        : ENDING showWelcomePage method of SalesProcessingController
2021-03-13 11:58:01.597  INFO 5648 --- [http-nio-8081-exec-3] c.c.s.C.SalesProcessingController        : INSIDE showGetQuoteByIdPage method of SalesProcessingController
2021-03-13 11:58:01.598  INFO 5648 --- [http-nio-8081-exec-3] c.c.s.C.SalesProcessingController        : ENDING showGetQuoteByIdPage method of SalesProcessingController
2021-03-13 12:02:17.509  INFO 5648 --- [http-nio-8081-exec-5] c.c.s.C.SalesProcessingController        : INSIDE showWelcomePage method of SalesProcessingController
2021-03-13 12:02:17.510  INFO 5648 --- [http-nio-8081-exec-5] c.c.s.C.SalesProcessingController        : ENDING showWelcomePage method of SalesProcessingController
2021-03-13 12:02:18.331  INFO 5648 --- [http-nio-8081-exec-6] c.c.s.C.SalesProcessingController        : INSIDE showGetQuotesPage method of SalesProcessingController
2021-03-13 12:02:18.331  INFO 5648 --- [http-nio-8081-exec-6] c.c.s.C.SalesProcessingController        : ENDING showGetQuotesPage method of SalesProcessingController
2021-03-13 12:02:20.382  INFO 5648 --- [http-nio-8081-exec-7] c.c.s.C.SalesProcessingController        : INSIDE showWelcomePage method of SalesProcessingController
2021-03-13 12:02:20.383  INFO 5648 --- [http-nio-8081-exec-7] c.c.s.C.SalesProcessingController        : ENDING showWelcomePage method of SalesProcessingController
2021-03-13 12:02:22.138  INFO 5648 --- [http-nio-8081-exec-9] c.c.s.C.SalesProcessingController        : INSIDE showGetQuoteByIdPage method of SalesProcessingController
2021-03-13 12:02:22.139  INFO 5648 --- [http-nio-8081-exec-9] c.c.s.C.SalesProcessingController        : ENDING showGetQuoteByIdPage method of SalesProcessingController
2021-03-13 12:02:26.311  INFO 5648 --- [http-nio-8081-exec-8] c.c.s.C.SalesProcessingRestController    : Inside getQuotation method of SalesProcessingRestController
2021-03-13 12:02:26.311  INFO 5648 --- [http-nio-8081-exec-8] c.c.s.S.SalesProcessingServiceImpl       : Inside getQuotation method of SalesProcessingServiceImpl
2021-03-13 12:02:30.003  INFO 5648 --- [http-nio-8081-exec-10] c.c.s.C.SalesProcessingController        : INSIDE showWelcomePage method of SalesProcessingController
2021-03-13 12:02:30.003  INFO 5648 --- [http-nio-8081-exec-10] c.c.s.C.SalesProcessingController        : ENDING showWelcomePage method of SalesProcessingController
2021-03-13 12:02:31.435  INFO 5648 --- [http-nio-8081-exec-2] c.c.s.C.SalesProcessingController        : INSIDE showGetQuotesPage method of SalesProcessingController
2021-03-13 12:02:31.436  INFO 5648 --- [http-nio-8081-exec-2] c.c.s.C.SalesProcessingController        : ENDING showGetQuotesPage method of SalesProcessingController
2021-03-13 12:02:33.243  INFO 5648 --- [http-nio-8081-exec-3] c.c.s.C.SalesProcessingRestController    : Inside getAllQuotation method of SalesProcessingRestController
2021-03-13 12:02:33.243  INFO 5648 --- [http-nio-8081-exec-3] c.c.s.S.SalesProcessingServiceImpl       : Inside getAllQuotation method of SalesProcessingServiceImpl
2021-03-13 12:02:35.550  INFO 5648 --- [http-nio-8081-exec-4] c.c.s.C.SalesProcessingController        : INSIDE showWelcomePage method of SalesProcessingController
2021-03-13 12:02:35.552  INFO 5648 --- [http-nio-8081-exec-4] c.c.s.C.SalesProcessingController        : ENDING showWelcomePage method of SalesProcessingController
2021-03-13 12:03:39.181  INFO 5648 --- [http-nio-8081-exec-6] c.c.s.C.SalesProcessingController        : INSIDE showWelcomePage method of SalesProcessingController
2021-03-13 12:03:39.182  INFO 5648 --- [http-nio-8081-exec-6] c.c.s.C.SalesProcessingController        : ENDING showWelcomePage method of SalesProcessingController
2021-03-13 12:03:39.738  INFO 5648 --- [http-nio-8081-exec-7] c.c.s.C.SalesProcessingController        : INSIDE showGetQuotesPage method of SalesProcessingController
2021-03-13 12:03:39.738  INFO 5648 --- [http-nio-8081-exec-7] c.c.s.C.SalesProcessingController        : ENDING showGetQuotesPage method of SalesProcessingController
2021-03-13 12:03:41.157  INFO 5648 --- [http-nio-8081-exec-9] c.c.s.C.SalesProcessingRestController    : Inside getAllQuotation method of SalesProcessingRestController
2021-03-13 12:03:41.158  INFO 5648 --- [http-nio-8081-exec-9] c.c.s.S.SalesProcessingServiceImpl       : Inside getAllQuotation method of SalesProcessingServiceImpl
2021-03-13 12:03:41.810  INFO 5648 --- [http-nio-8081-exec-8] c.c.s.C.SalesProcessingController        : INSIDE showWelcomePage method of SalesProcessingController
2021-03-13 12:03:41.811  INFO 5648 --- [http-nio-8081-exec-8] c.c.s.C.SalesProcessingController        : ENDING showWelcomePage method of SalesProcessingController
2021-03-13 12:03:42.770  INFO 5648 --- [http-nio-8081-exec-10] c.c.s.C.SalesProcessingController        : INSIDE showGetQuoteByIdPage method of SalesProcessingController
2021-03-13 12:03:42.770  INFO 5648 --- [http-nio-8081-exec-10] c.c.s.C.SalesProcessingController        : ENDING showGetQuoteByIdPage method of SalesProcessingController
2021-03-13 12:03:46.643  INFO 5648 --- [http-nio-8081-exec-2] c.c.s.C.SalesProcessingController        : INSIDE showWelcomePage method of SalesProcessingController
2021-03-13 12:03:46.644  INFO 5648 --- [http-nio-8081-exec-2] c.c.s.C.SalesProcessingController        : ENDING showWelcomePage method of SalesProcessingController
2021-03-13 12:03:48.410  INFO 5648 --- [http-nio-8081-exec-3] c.c.s.C.SalesProcessingController        : INSIDE showGetQuoteByIdPage method of SalesProcessingController
2021-03-13 12:03:48.411  INFO 5648 --- [http-nio-8081-exec-3] c.c.s.C.SalesProcessingController        : ENDING showGetQuoteByIdPage method of SalesProcessingController
2021-03-13 12:03:51.056  INFO 5648 --- [http-nio-8081-exec-4] c.c.s.C.SalesProcessingRestController    : Inside getQuotation method of SalesProcessingRestController
2021-03-13 12:03:51.057  INFO 5648 --- [http-nio-8081-exec-4] c.c.s.S.SalesProcessingServiceImpl       : Inside getQuotation method of SalesProcessingServiceImpl
2021-03-13 12:04:17.924  INFO 5648 --- [http-nio-8081-exec-1] c.c.s.C.SalesProcessingController        : INSIDE showGetQuoteByIdPage method of SalesProcessingController
2021-03-13 12:04:17.925  INFO 5648 --- [http-nio-8081-exec-1] c.c.s.C.SalesProcessingController        : ENDING showGetQuoteByIdPage method of SalesProcessingController
2021-03-13 12:04:22.109  INFO 5648 --- [http-nio-8081-exec-5] c.c.s.C.SalesProcessingRestController    : Inside getQuotation method of SalesProcessingRestController
2021-03-13 12:04:22.110  INFO 5648 --- [http-nio-8081-exec-5] c.c.s.S.SalesProcessingServiceImpl       : Inside getQuotation method of SalesProcessingServiceImpl
2021-03-13 12:04:37.232  INFO 5648 --- [http-nio-8081-exec-6] c.c.s.C.SalesProcessingController        : INSIDE showWelcomePage method of SalesProcessingController
2021-03-13 12:04:37.233  INFO 5648 --- [http-nio-8081-exec-6] c.c.s.C.SalesProcessingController        : ENDING showWelcomePage method of SalesProcessingController
2021-03-13 12:04:38.492  INFO 5648 --- [http-nio-8081-exec-7] c.c.s.C.SalesProcessingController        : INSIDE showSaveQuotePage method of SalesProcessingController
2021-03-13 12:04:38.493  INFO 5648 --- [http-nio-8081-exec-7] c.c.s.C.SalesProcessingController        : ENDING showSaveQuotePage method of SalesProcessingController
2021-03-13 12:04:49.765  INFO 5648 --- [http-nio-8081-exec-8] c.c.s.C.SalesProcessingRestController    : Inside saveQuotation method of SalesProcessingRestController
2021-03-13 12:04:49.766  INFO 5648 --- [http-nio-8081-exec-8] c.c.s.S.SalesProcessingServiceImpl       : Inside saveQuotation method of SalesProcessingServiceImpl
2021-03-13 12:04:49.779  INFO 5648 --- [http-nio-8081-exec-10] c.c.s.C.SalesProcessingController        : INSIDE showSaveQuotePage method of SalesProcessingController
2021-03-13 12:04:49.780  INFO 5648 --- [http-nio-8081-exec-10] c.c.s.C.SalesProcessingController        : ENDING showSaveQuotePage method of SalesProcessingController
2021-03-13 12:04:53.605  INFO 5648 --- [http-nio-8081-exec-2] c.c.s.C.SalesProcessingController        : INSIDE showWelcomePage method of SalesProcessingController
2021-03-13 12:04:53.606  INFO 5648 --- [http-nio-8081-exec-2] c.c.s.C.SalesProcessingController        : ENDING showWelcomePage method of SalesProcessingController
2021-03-13 12:04:56.218  INFO 5648 --- [http-nio-8081-exec-3] c.c.s.C.SalesProcessingController        : INSIDE showGetQuotesPage method of SalesProcessingController
2021-03-13 12:04:56.219  INFO 5648 --- [http-nio-8081-exec-3] c.c.s.C.SalesProcessingController        : ENDING showGetQuotesPage method of SalesProcessingController
2021-03-13 12:04:57.645  INFO 5648 --- [http-nio-8081-exec-4] c.c.s.C.SalesProcessingRestController    : Inside getAllQuotation method of SalesProcessingRestController
2021-03-13 12:04:57.646  INFO 5648 --- [http-nio-8081-exec-4] c.c.s.S.SalesProcessingServiceImpl       : Inside getAllQuotation method of SalesProcessingServiceImpl
2021-03-13 12:05:01.150  INFO 5648 --- [http-nio-8081-exec-1] c.c.s.C.SalesProcessingController        : INSIDE showWelcomePage method of SalesProcessingController
2021-03-13 12:05:01.151  INFO 5648 --- [http-nio-8081-exec-1] c.c.s.C.SalesProcessingController        : ENDING showWelcomePage method of SalesProcessingController
2021-03-13 12:05:02.731  INFO 5648 --- [http-nio-8081-exec-5] c.c.s.C.SalesProcessingController        : INSIDE showGetQuoteByIdPage method of SalesProcessingController
2021-03-13 12:05:02.732  INFO 5648 --- [http-nio-8081-exec-5] c.c.s.C.SalesProcessingController        : ENDING showGetQuoteByIdPage method of SalesProcessingController
2021-03-13 12:05:06.205  INFO 5648 --- [http-nio-8081-exec-6] c.c.s.C.SalesProcessingRestController    : Inside getQuotation method of SalesProcessingRestController
2021-03-13 12:05:06.206  INFO 5648 --- [http-nio-8081-exec-6] c.c.s.S.SalesProcessingServiceImpl       : Inside getQuotation method of SalesProcessingServiceImpl
2021-03-13 12:05:33.615  INFO 5648 --- [http-nio-8081-exec-7] c.c.s.C.SalesProcessingController        : INSIDE showGetQuoteByIdPage method of SalesProcessingController
2021-03-13 12:05:33.616  INFO 5648 --- [http-nio-8081-exec-7] c.c.s.C.SalesProcessingController        : ENDING showGetQuoteByIdPage method of SalesProcessingController
2021-03-13 12:05:36.743  INFO 5648 --- [http-nio-8081-exec-9] c.c.s.C.SalesProcessingRestController    : Inside getQuotation method of SalesProcessingRestController
2021-03-13 12:05:36.744  INFO 5648 --- [http-nio-8081-exec-9] c.c.s.S.SalesProcessingServiceImpl       : Inside getQuotation method of SalesProcessingServiceImpl
2021-03-13 12:06:08.401  INFO 5648 --- [http-nio-8081-exec-2] c.c.s.C.SalesProcessingController        : INSIDE showGetQuoteByIdPage method of SalesProcessingController
2021-03-13 12:06:08.402  INFO 5648 --- [http-nio-8081-exec-2] c.c.s.C.SalesProcessingController        : ENDING showGetQuoteByIdPage method of SalesProcessingController
2021-03-13 12:06:10.964  INFO 5648 --- [http-nio-8081-exec-1] c.c.s.C.SalesProcessingRestController    : Inside getQuotation method of SalesProcessingRestController
2021-03-13 12:06:10.964  INFO 5648 --- [http-nio-8081-exec-1] c.c.s.S.SalesProcessingServiceImpl       : Inside getQuotation method of SalesProcessingServiceImpl
2021-03-13 12:06:37.243  INFO 5648 --- [http-nio-8081-exec-6] c.c.s.C.SalesProcessingController        : INSIDE showGetQuoteByIdPage method of SalesProcessingController
2021-03-13 12:06:37.243  INFO 5648 --- [http-nio-8081-exec-6] c.c.s.C.SalesProcessingController        : ENDING showGetQuoteByIdPage method of SalesProcessingController
2021-03-13 12:06:39.666  INFO 5648 --- [http-nio-8081-exec-7] c.c.s.C.SalesProcessingRestController    : Inside getQuotation method of SalesProcessingRestController
2021-03-13 12:06:39.667  INFO 5648 --- [http-nio-8081-exec-7] c.c.s.S.SalesProcessingServiceImpl       : Inside getQuotation method of SalesProcessingServiceImpl
2021-03-13 12:07:04.177  INFO 5648 --- [http-nio-8081-exec-10] c.c.s.C.SalesProcessingController        : INSIDE showGetQuoteByIdPage method of SalesProcessingController
2021-03-13 12:07:04.177  INFO 5648 --- [http-nio-8081-exec-10] c.c.s.C.SalesProcessingController        : ENDING showGetQuoteByIdPage method of SalesProcessingController
2021-03-13 12:07:06.963  INFO 5648 --- [http-nio-8081-exec-3] c.c.s.C.SalesProcessingRestController    : Inside getQuotation method of SalesProcessingRestController
2021-03-13 12:07:06.964  INFO 5648 --- [http-nio-8081-exec-3] c.c.s.S.SalesProcessingServiceImpl       : Inside getQuotation method of SalesProcessingServiceImpl
2021-03-13 12:07:18.283  INFO 5648 --- [http-nio-8081-exec-5] c.c.s.C.SalesProcessingController        : INSIDE showGetQuoteByIdPage method of SalesProcessingController
2021-03-13 12:07:18.283  INFO 5648 --- [http-nio-8081-exec-5] c.c.s.C.SalesProcessingController        : ENDING showGetQuoteByIdPage method of SalesProcessingController
2021-03-13 12:07:21.708  INFO 5648 --- [http-nio-8081-exec-6] c.c.s.C.SalesProcessingRestController    : Inside getQuotation method of SalesProcessingRestController
2021-03-13 12:07:21.708  INFO 5648 --- [http-nio-8081-exec-6] c.c.s.S.SalesProcessingServiceImpl       : Inside getQuotation method of SalesProcessingServiceImpl
2021-03-13 12:08:21.309  INFO 5648 --- [http-nio-8081-exec-8] c.c.s.C.SalesProcessingRestController    : Inside getQuotation method of SalesProcessingRestController
2021-03-13 12:08:21.310  INFO 5648 --- [http-nio-8081-exec-8] c.c.s.S.SalesProcessingServiceImpl       : Inside getQuotation method of SalesProcessingServiceImpl
2021-03-13 12:08:26.665  INFO 5648 --- [http-nio-8081-exec-10] c.c.s.C.SalesProcessingRestController    : Inside getQuotation method of SalesProcessingRestController
2021-03-13 12:08:26.665  INFO 5648 --- [http-nio-8081-exec-10] c.c.s.S.SalesProcessingServiceImpl       : Inside getQuotation method of SalesProcessingServiceImpl
2021-03-13 12:08:30.448  INFO 5648 --- [http-nio-8081-exec-4] c.c.s.C.SalesProcessingRestController    : Inside getQuotation method of SalesProcessingRestController
2021-03-13 12:08:30.449  INFO 5648 --- [http-nio-8081-exec-4] c.c.s.S.SalesProcessingServiceImpl       : Inside getQuotation method of SalesProcessingServiceImpl
2021-03-13 12:08:32.513  INFO 5648 --- [http-nio-8081-exec-2] c.c.s.C.SalesProcessingController        : INSIDE showWelcomePage method of SalesProcessingController
2021-03-13 12:08:32.513  INFO 5648 --- [http-nio-8081-exec-2] c.c.s.C.SalesProcessingController        : ENDING showWelcomePage method of SalesProcessingController
2021-03-13 12:08:33.656  INFO 5648 --- [http-nio-8081-exec-3] c.c.s.C.SalesProcessingController        : INSIDE showGetQuotesPage method of SalesProcessingController
2021-03-13 12:08:33.657  INFO 5648 --- [http-nio-8081-exec-3] c.c.s.C.SalesProcessingController        : ENDING showGetQuotesPage method of SalesProcessingController
2021-03-13 12:08:35.079  INFO 5648 --- [http-nio-8081-exec-1] c.c.s.C.SalesProcessingRestController    : Inside getAllQuotation method of SalesProcessingRestController
2021-03-13 12:08:35.079  INFO 5648 --- [http-nio-8081-exec-1] c.c.s.S.SalesProcessingServiceImpl       : Inside getAllQuotation method of SalesProcessingServiceImpl
2021-03-13 12:08:39.157  INFO 5648 --- [http-nio-8081-exec-5] c.c.s.C.SalesProcessingController        : INSIDE showWelcomePage method of SalesProcessingController
2021-03-13 12:08:39.157  INFO 5648 --- [http-nio-8081-exec-5] c.c.s.C.SalesProcessingController        : ENDING showWelcomePage method of SalesProcessingController
2021-03-13 12:08:48.483  INFO 5648 --- [RMI TCP Connection(34)-127.0.0.1] inMXBeanRegistrar$SpringApplicationAdmin : Application shutdown requested.
2021-03-13 12:08:48.518  INFO 5648 --- [RMI TCP Connection(34)-127.0.0.1] o.s.s.concurrent.ThreadPoolTaskExecutor  : Shutting down ExecutorService 'applicationTaskExecutor'
2021-03-13 12:08:48.524  INFO 5648 --- [RMI TCP Connection(34)-127.0.0.1] j.LocalContainerEntityManagerFactoryBean : Closing JPA EntityManagerFactory for persistence unit 'default'
2021-03-13 12:08:48.525  INFO 5648 --- [RMI TCP Connection(34)-127.0.0.1] .SchemaDropperImpl$DelayedDropActionImpl : HHH000477: Starting delayed evictData of schema as part of SessionFactory shut-down'
2021-03-13 12:08:48.744  WARN 5648 --- [RMI TCP Connection(34)-127.0.0.1] o.s.b.f.support.DisposableBeanAdapter    : Invocation of destroy method failed on bean with name 'inMemoryDatabaseShutdownExecutor': org.h2.jdbc.JdbcSQLNonTransientConnectionException: Database is already closed (to disable automatic closing at VM shutdown, add ";DB_CLOSE_ON_EXIT=FALSE" to the db URL) [90121-200]
2021-03-13 12:08:48.744  INFO 5648 --- [RMI TCP Connection(34)-127.0.0.1] com.zaxxer.hikari.HikariDataSource       : HikariPool-1 - Shutdown initiated...
2021-03-13 12:08:48.748  INFO 5648 --- [RMI TCP Connection(34)-127.0.0.1] com.zaxxer.hikari.HikariDataSource       : HikariPool-1 - Shutdown completed.
